<?xml version="1.0" encoding="UTF-8"?>
<!-- Generated by org.testng.reporters.JUnitReportReporter -->
<testsuite hostname="DESKTOP-4LTNLGB" failures="0" tests="1" name="com.automationtesting.test.DatepickerTest" time="19.551" errors="0" timestamp="2025-09-30T11:23:50 IST" skipped="0">
  <testcase classname="com.automationtesting.test.DatepickerTest" name="chooseDatePicker" time="19.551"/>
  <system-out/>
</testsuite> <!-- com.automationtesting.test.DatepickerTest -->
