<?xml version="1.0" encoding="UTF-8"?>
<!-- Generated by org.testng.reporters.JUnitReportReporter -->
<testsuite hostname="DESKTOP-4LTNLGB" failures="0" tests="1" name="com.automationtesting.test.FrameTest" time="0.162" errors="0" timestamp="2025-09-29T16:03:34 IST" skipped="0">
  <testcase classname="com.automationtesting.test.FrameTest" name="TestinFrame" time="0.162"/>
  <system-out/>
</testsuite> <!-- com.automationtesting.test.FrameTest -->
