<?xml version="1.0" encoding="UTF-8"?>
<!-- Generated by org.testng.reporters.JUnitReportReporter -->
<testsuite hostname="DESKTOP-4LTNLGB" failures="0" tests="1" name="com.automationtesting.test.getUrlandTitleTest" time="3.580" errors="0" timestamp="2025-09-30T10:15:11 IST" skipped="0">
  <testcase classname="com.automationtesting.test.getUrlandTitleTest" name="getURLandTitleFromChildPage" time="3.580"/>
  <system-out/>
</testsuite> <!-- com.automationtesting.test.getUrlandTitleTest -->
